app/build/intermediates/manifest_merge_blame_file/debug/manifest-merger-blame-debug-report.txt
1<?xml version="1.0" encoding="utf-8"?>
2<manifest xmlns:android="http://schemas.android.com/apk/res/android"
3    package="com.example.applayout"
4    android:versionCode="1"
5    android:versionName="1.0" >
6
7    <uses-sdk
8        android:minSdkVersion="26"
9        android:targetSdkVersion="30" />
10
11    <uses-permission android:name="android.permission.BLUETOOTH" />
11-->src/main/AndroidManifest.xml:5:5-67
11-->src/main/AndroidManifest.xml:5:22-65
12    <uses-permission android:name="android.permission.BLUETOOTH_ADMIN" />
12-->src/main/AndroidManifest.xml:6:5-73
12-->src/main/AndroidManifest.xml:6:22-71
13    <uses-permission android:name="android.permission.ACCESS_FINE_LOCATION" />
13-->src/main/AndroidManifest.xml:7:5-78
13-->src/main/AndroidManifest.xml:7:22-76
14    <uses-permission android:name="android.permission.ACCESS_COARSE_LOCATION" />
14-->src/main/AndroidManifest.xml:8:5-80
14-->src/main/AndroidManifest.xml:8:22-78
15    <uses-permission android:name="android.permission.READ_EXTERNAL_STORAGE" />
15-->src/main/AndroidManifest.xml:9:5-79
15-->src/main/AndroidManifest.xml:9:22-77
16    <uses-permission android:name="android.permission.MANAGE_EXTERNAL_STORAGE" />
16-->src/main/AndroidManifest.xml:10:5-81
16-->src/main/AndroidManifest.xml:10:22-79
17    <uses-permission android:name="android.permission.WRITE_EXTERNAL_STORAGE" />
17-->src/main/AndroidManifest.xml:11:5-80
17-->src/main/AndroidManifest.xml:11:22-78
18    <uses-permission
18-->src/main/AndroidManifest.xml:12:5-13:62
19        android:name="android.permission.ACCESS_WIFI_STATE"
19-->src/main/AndroidManifest.xml:13:9-60
20        android:required="true" />
20-->src/main/AndroidManifest.xml:12:22-45
21    <uses-permission
21-->src/main/AndroidManifest.xml:14:5-15:62
22        android:name="android.permission.CHANGE_WIFI_STATE"
22-->src/main/AndroidManifest.xml:15:9-60
23        android:required="true" />
23-->src/main/AndroidManifest.xml:14:22-45
24    <uses-permission android:name="android.permission.READ_PHONE_STATE" />
25
26    <application
26-->src/main/AndroidManifest.xml:17:5-51:19
27        android:allowBackup="true"
27-->src/main/AndroidManifest.xml:18:9-35
28        android:appComponentFactory="androidx.core.app.CoreComponentFactory"
28-->[androidx.core:core:1.5.0] AndroidManifest.xml:24:18-86
29        android:debuggable="true"
30        android:extractNativeLibs="false"
31        android:icon="@mipmap/ic_launcher"
31-->src/main/AndroidManifest.xml:19:9-43
32        android:label="@string/app_name"
32-->src/main/AndroidManifest.xml:20:9-41
33        android:roundIcon="@mipmap/ic_launcher_round"
33-->src/main/AndroidManifest.xml:21:9-54
34        android:supportsRtl="true"
34-->src/main/AndroidManifest.xml:22:9-35
35        android:testOnly="true"
36        android:theme="@style/Theme.AppLayout" >
36-->src/main/AndroidManifest.xml:23:9-47
37        <activity
37-->src/main/AndroidManifest.xml:25:9-32:20
38            android:name="com.example.applayout.MainActivity"
38-->src/main/AndroidManifest.xml:25:19-47
39            android:exported="true" >
39-->src/main/AndroidManifest.xml:26:13-36
40            <intent-filter>
40-->src/main/AndroidManifest.xml:27:13-31:29
41                <action android:name="android.intent.action.MAIN" />
41-->src/main/AndroidManifest.xml:28:17-68
41-->src/main/AndroidManifest.xml:28:25-66
42
43                <category android:name="android.intent.category.LAUNCHER" />
43-->src/main/AndroidManifest.xml:30:17-76
43-->src/main/AndroidManifest.xml:30:27-74
44            </intent-filter>
45        </activity>
46        <activity
46-->src/main/AndroidManifest.xml:34:9-36:20
47            android:name="com.example.applayout.Report.ReportActivity"
47-->src/main/AndroidManifest.xml:34:19-56
48            android:exported="true" >
48-->src/main/AndroidManifest.xml:35:13-36
49        </activity>
50        <activity
50-->src/main/AndroidManifest.xml:38:9-40:20
51            android:name="com.example.applayout.Communications.CommunicationActivity"
51-->src/main/AndroidManifest.xml:38:19-71
52            android:exported="true" >
52-->src/main/AndroidManifest.xml:39:13-36
53        </activity>
54        <activity
54-->src/main/AndroidManifest.xml:42:9-44:20
55            android:name="com.example.applayout.Communications.BluetoothActivity"
55-->src/main/AndroidManifest.xml:42:19-67
56            android:exported="true" >
56-->src/main/AndroidManifest.xml:43:13-36
57        </activity>
58        <activity
58-->src/main/AndroidManifest.xml:46:9-48:20
59            android:name="com.example.applayout.Communications.WifiActivity"
59-->src/main/AndroidManifest.xml:46:19-62
60            android:exported="true" >
60-->src/main/AndroidManifest.xml:47:13-36
61        </activity>
62        <activity
62-->src/main/AndroidManifest.xml:49:9-50:48
63            android:name="com.example.applayout.FederatedLearning.FederatedLearningActivity"
63-->src/main/AndroidManifest.xml:49:19-78
64            android:exported="true" />
64-->src/main/AndroidManifest.xml:50:13-36
65    </application>
66
67</manifest>